<?xml version="1.0" encoding="UTF-8"?>
<!-- Generated by org.testng.reporters.JUnitReportReporter -->
<testsuite skipped="0" hostname="LAPTOP-ULDPTUOA" name="com.qa.Gorest.testcases.GorestTestcases" tests="2" failures="0" timestamp="23 Jul 2020 10:08:51 GMT" time="2.273" errors="0">
  <testcase name="CallAPIforGet" time="1.541" classname="com.qa.Gorest.testcases.GorestTestcases"/>
  <testcase name="CallAPIforGet_withquery_parameter" time="0.732" classname="com.qa.Gorest.testcases.GorestTestcases"/>
</testsuite> <!-- com.qa.Gorest.testcases.GorestTestcases -->
