<?xml version="1.0" encoding="UTF-8"?>
<!-- Generated by org.testng.reporters.JUnitReportReporter -->
<testsuite skipped="0" hostname="LAPTOP-ULDPTUOA" name="com.qa.Gorest.testcases.GorestPostTest" tests="3" failures="0" timestamp="26 Jul 2020 14:55:00 GMT" time="2.401" errors="0">
  <testcase name="CallPostAPITestCasewith_DataProvider" time="1.559" classname="com.qa.Gorest.testcases.GorestPostTest"/>
  <testcase name="CallPostAPITestCasewith_DataProvider" time="0.436" classname="com.qa.Gorest.testcases.GorestPostTest"/>
  <testcase name="CallPostAPITestCasewith_DataProvider" time="0.406" classname="com.qa.Gorest.testcases.GorestPostTest"/>
</testsuite> <!-- com.qa.Gorest.testcases.GorestPostTest -->
