<?xml version="1.0" encoding="UTF-8"?>
<!-- Generated by org.testng.reporters.JUnitReportReporter -->
<testsuite skipped="0" hostname="LAPTOP-ULDPTUOA" name="com.qa.Gorest.testcases.TokenGenerationTestcases" tests="1" failures="0" timestamp="2020-07-30T19:26:09 IST" time="4.890" errors="0">
  <testcase name="CallDeleteAPI" time="4.890" classname="com.qa.Gorest.testcases.TokenGenerationTestcases"/>
  <system-out/>
</testsuite> <!-- com.qa.Gorest.testcases.TokenGenerationTestcases -->
